[1] "The output directory name is:"
[1] "/home/user/R/R-3.5.1/projects/Test_GENIE3/asset/output20200421115456"
[1] ""
Warning messages:
1: In base::rm(net_adj_mx_wt) : object 'net_adj_mx_wt' not found
2: In base::rm(net_adj_mx_wt) : object 'net_adj_mx_wt' not found
3: In base::rm(net_adj_mx_wt) : object 'net_adj_mx_wt' not found
4: In base::rm(net_adj_mx_wt) : object 'net_adj_mx_wt' not found
	Command being timed: "/home/user/R/R-3.5.1/bin/Rscript GENIE3.R input.Ds10n.GENIE3.json"
	User time (seconds): 1.07
	System time (seconds): 0.06
	Percent of CPU this job got: 98%
	Elapsed (wall clock) time (h:mm:ss or m:ss): 0:01.15
	Average shared text size (kbytes): 0
	Average unshared data size (kbytes): 0
	Average stack size (kbytes): 0
	Average total size (kbytes): 0
	Maximum resident set size (kbytes): 72976
	Average resident set size (kbytes): 0
	Major (requiring I/O) page faults: 1
	Minor (reclaiming a frame) page faults: 30302
	Voluntary context switches: 40
	Involuntary context switches: 8
	Swaps: 0
	File system inputs: 496
	File system outputs: 40
	Socket messages sent: 0
	Socket messages received: 0
	Signals delivered: 0
	Page size (bytes): 4096
	Exit status: 0
