[1] "The output directory name is:"
[1] "/home/user/R/R-3.5.1/projects/Test_GENIE3/asset/output20200421120614"
[1] ""
There were 46 warnings (use warnings() to see them)
	Command being timed: "/home/user/R/R-3.5.1/bin/Rscript GENIE3.R input.Ds100n.GENIE3.json"
	User time (seconds): 845.13
	System time (seconds): 0.08
	Percent of CPU this job got: 100%
	Elapsed (wall clock) time (h:mm:ss or m:ss): 14:05.20
	Average shared text size (kbytes): 0
	Average unshared data size (kbytes): 0
	Average stack size (kbytes): 0
	Average total size (kbytes): 0
	Maximum resident set size (kbytes): 135200
	Average resident set size (kbytes): 0
	Major (requiring I/O) page faults: 0
	Minor (reclaiming a frame) page faults: 48762
	Voluntary context switches: 40
	Involuntary context switches: 360
	Swaps: 0
	File system inputs: 0
	File system outputs: 368
	Socket messages sent: 0
	Socket messages received: 0
	Signals delivered: 0
	Page size (bytes): 4096
	Exit status: 0
